#
# There is insufficient memory for the Java Runtime Environment to continue.
# Native memory allocation (malloc) failed to allocate 1941088 bytes for Chunk::new
# Possible reasons:
#   The system is out of physical RAM or swap space
#   In 32 bit mode, the process size limit was hit
# Possible solutions:
#   Reduce memory load on the system
#   Increase physical memory or swap space
#   Check if swap backing store is full
#   Use 64 bit Java on a 64 bit OS
#   Decrease Java heap size (-Xmx/-Xms)
#   Decrease number of Java threads
#   Decrease Java thread stack sizes (-Xss)
#   Set larger code cache with -XX:ReservedCodeCacheSize=
# This output file may be truncated or incomplete.
#
#  Out of Memory Error (allocation.cpp:390), pid=56580, tid=0x000000000000ece8
#
# JRE version: Java(TM) SE Runtime Environment (8.0_162-b12) (build 1.8.0_162-b12)
# Java VM: Java HotSpot(TM) 64-Bit Server VM (25.162-b12 mixed mode windows-amd64 compressed oops)
# Failed to write core dump. Minidumps are not enabled by default on client versions of Windows
#

---------------  T H R E A D  ---------------

Current thread (0x0000000018a9a800):  JavaThread "C2 CompilerThread0" daemon [_thread_in_native, id=60648, stack(0x0000000018e00000,0x0000000018f00000)]

Stack: [0x0000000018e00000,0x0000000018f00000]
[error occurred during error reporting (printing stack bounds), id 0xc0000005]

Native frames: (J=compiled Java code, j=interpreted, Vv=VM code, C=native code)


Current CompileTask:
C2:  13454 3157       4       java.io.ObjectInputStream::readClassDesc (119 bytes)


---------------  P R O C E S S  ---------------

Java Threads: ( => current thread )
  0x000000002ab7e800 JavaThread "pool-21-thread-1" [_thread_in_native, id=55804, stack(0x0000000030d30000,0x0000000030e30000)]
  0x000000002ab7d800 JavaThread "pool-20-thread-1" [_thread_blocked, id=58664, stack(0x0000000030b30000,0x0000000030c30000)]
  0x000000002ab7d000 JavaThread "InterruptTimer" daemon [_thread_blocked, id=53500, stack(0x0000000030930000,0x0000000030a30000)]
  0x000000002ab75800 JavaThread "oracle.jdbc.driver.BlockSource.ThreadedCachingBlockSource.BlockReleaser" daemon [_thread_blocked, id=32280, stack(0x0000000030830000,0x0000000030930000)]
  0x000000002ab7c000 JavaThread "Timer-3" daemon [_thread_blocked, id=59700, stack(0x0000000030730000,0x0000000030830000)]
  0x000000002ab7a800 JavaThread "ForkJoinPool.commonPool-worker-1" daemon [_thread_blocked, id=30400, stack(0x0000000030630000,0x0000000030730000)]
  0x000000002ab7b800 JavaThread "pool-19-thread-1" [_thread_blocked, id=15368, stack(0x0000000030530000,0x0000000030630000)]
  0x000000002ab79000 JavaThread "Time Trigger for Map -> Flat Map -> async wait operator -> Map -> (Sink: Print to Std. Out, async wait operator -> (Sink: Print to Std. Out, Map -> (Sink: Print to Std. Out, async wait operator -> Map -> Map -> Sink: Print to Std. Out))) (2/4)" daemon [_thread_blocked, id=57232, stack(0x0000000030430000,0x0000000030530000)]
  0x000000002ab77000 JavaThread "AsyncIO-Emitter-Thread (Map -> Flat Map -> async wait operator -> Map -> (Sink: Print to Std. Out, async wait operator -> (Sink: Print to Std. Out, Map -> (Sink: Print to Std. Out, async wait operator -> Map -> Map -> Sink: Print to Std. Out))) (2/4))" daemon [_thread_blocked, id=58428, stack(0x000000002fc30000,0x000000002fd30000)]
  0x0000000019ed7000 JavaThread "Map -> Flat Map -> async wait operator -> Map -> (Sink: Print to Std. Out, async wait operator -> (Sink: Print to Std. Out, Map -> (Sink: Print to Std. Out, async wait operator -> Map -> Map -> Sink: Print to Std. Out))) (2/4)" [_thread_blocked, id=39920, stack(0x000000002e2c0000,0x000000002e3c0000)]
  0x0000000019eda800 JavaThread "CloseableReaperThread" daemon [_thread_blocked, id=59548, stack(0x000000002dfc0000,0x000000002e0c0000)]
  0x0000000019edb800 JavaThread "Flink-MetricRegistry-thread-1" daemon [_thread_blocked, id=20256, stack(0x000000002ddc0000,0x000000002dec0000)]
  0x0000000019ecf800 JavaThread "jobmanager-future-thread-4" daemon [_thread_blocked, id=52568, stack(0x000000002dcc0000,0x000000002ddc0000)]
  0x0000000019ed6000 JavaThread "pool-1-thread-1" [_thread_blocked, id=55504, stack(0x000000002dbc0000,0x000000002dcc0000)]
  0x0000000019ece800 JavaThread "jobmanager-future-thread-3" daemon [_thread_blocked, id=58856, stack(0x000000002dac0000,0x000000002dbc0000)]
  0x0000000019ed5800 JavaThread "FlinkCompletableFutureDelayScheduler-thread-1" daemon [_thread_blocked, id=52628, stack(0x000000002d9c0000,0x000000002dac0000)]
  0x0000000019ece000 JavaThread "jobmanager-future-thread-2" daemon [_thread_blocked, id=57752, stack(0x000000002d8c0000,0x000000002d9c0000)]
  0x0000000019ed1000 JavaThread "flink-akka.actor.default-dispatcher-7" [_thread_blocked, id=58024, stack(0x000000002d5c0000,0x000000002d6c0000)]
  0x0000000019ed4800 JavaThread "jobmanager-future-thread-1" daemon [_thread_blocked, id=58152, stack(0x000000002d4c0000,0x000000002d5c0000)]
  0x0000000019ed4000 JavaThread "flink-rest-server-netty-boss-thread-1" daemon [_thread_in_native, id=61172, stack(0x000000002d3c0000,0x000000002d4c0000)]
  0x0000000019ed3000 JavaThread "ObjectCleanerThread" daemon [_thread_blocked, id=58568, stack(0x000000002c020000,0x000000002c120000)]
  0x0000000019ecd000 JavaThread "flink-akka.actor.default-dispatcher-6" [_thread_blocked, id=57452, stack(0x000000002ad50000,0x000000002ae50000)]
  0x0000000019ed1800 JavaThread "IOManager reader thread #1" daemon [_thread_blocked, id=55996, stack(0x0000000028cb0000,0x0000000028db0000)]
  0x0000000019ed0000 JavaThread "IOManager writer thread #1" daemon [_thread_blocked, id=51596, stack(0x0000000028bb0000,0x0000000028cb0000)]
  0x0000000019ed2800 JavaThread "Timer-2" daemon [_thread_blocked, id=46184, stack(0x000000001dcc0000,0x000000001ddc0000)]
  0x000000001a5f0800 JavaThread "Timer-1" daemon [_thread_blocked, id=59220, stack(0x000000001dbc0000,0x000000001dcc0000)]
  0x000000001a5ee000 JavaThread "BLOB Server listener at 65391" daemon [_thread_in_native, id=56920, stack(0x000000001dac0000,0x000000001dbc0000)]
  0x000000001a5ed800 JavaThread "Timer-0" daemon [_thread_blocked, id=13088, stack(0x000000001d9c0000,0x000000001dac0000)]
  0x000000001a5ef800 JavaThread "New I/O server boss #6" [_thread_in_native, id=59104, stack(0x000000001d6c0000,0x000000001d7c0000)]
  0x000000001a5ec000 JavaThread "New I/O worker #5" [_thread_in_native, id=54520, stack(0x000000001d5c0000,0x000000001d6c0000)]
  0x000000001a5ec800 JavaThread "New I/O worker #4" [_thread_in_native, id=50836, stack(0x000000001d4c0000,0x000000001d5c0000)]
  0x000000001a5eb000 JavaThread "New I/O boss #3" [_thread_in_native, id=59656, stack(0x000000001d2c0000,0x000000001d3c0000)]
  0x000000001a5ea800 JavaThread "New I/O worker #2" [_thread_in_native, id=25688, stack(0x000000001d1c0000,0x000000001d2c0000)]
  0x000000001a5ef000 JavaThread "New I/O worker #1" [_thread_in_native, id=53548, stack(0x000000001d0c0000,0x000000001d1c0000)]
  0x000000001a5f1000 JavaThread "flink-metrics-akka.remote.default-remote-dispatcher-4" [_thread_blocked, id=60580, stack(0x000000001cca0000,0x000000001cda0000)]
  0x000000001a42c000 JavaThread "flink-metrics-akka.remote.default-remote-dispatcher-3" [_thread_blocked, id=58548, stack(0x000000001cba0000,0x000000001cca0000)]
  0x000000001b2b0800 JavaThread "flink-metrics-2" [_thread_blocked, id=48648, stack(0x000000001caa0000,0x000000001cba0000)]
  0x0000000019f01000 JavaThread "flink-metrics-scheduler-1" [_thread_blocked, id=59132, stack(0x000000001c9a0000,0x000000001caa0000)]
  0x000000001a65e800 JavaThread "flink-akka.actor.default-dispatcher-2" [_thread_blocked, id=41912, stack(0x000000001c5a0000,0x000000001c6a0000)]
  0x000000001a13f800 JavaThread "flink-scheduler-1" [_thread_blocked, id=49892, stack(0x000000001c2a0000,0x000000001c3a0000)]
  0x0000000019106800 JavaThread "Service Thread" daemon [_thread_blocked, id=58592, stack(0x0000000019900000,0x0000000019a00000)]
  0x0000000018afe000 JavaThread "C1 CompilerThread2" daemon [_thread_blocked, id=26476, stack(0x0000000019000000,0x0000000019100000)]
  0x0000000018a9b800 JavaThread "C2 CompilerThread1" daemon [_thread_in_native, id=18356, stack(0x0000000018f00000,0x0000000019000000)]
=>0x0000000018a9a800 JavaThread "C2 CompilerThread0" daemon [_thread_in_native, id=60648, stack(0x0000000018e00000,0x0000000018f00000)]
  0x0000000018a31000 JavaThread "Monitor Ctrl-Break" daemon [_thread_in_native, id=20712, stack(0x0000000018d00000,0x0000000018e00000)]
  0x00000000173b2000 JavaThread "Attach Listener" daemon [_thread_blocked, id=56452, stack(0x0000000018c00000,0x0000000018d00000)]
  0x0000000018743800 JavaThread "Signal Dispatcher" daemon [_thread_blocked, id=45052, stack(0x0000000018b00000,0x0000000018c00000)]
  0x0000000017389000 JavaThread "Finalizer" daemon [_thread_blocked, id=20760, stack(0x0000000018600000,0x0000000018700000)]
  0x0000000002ad6000 JavaThread "Reference Handler" daemon [_thread_blocked, id=21136, stack(0x0000000018500000,0x0000000018600000)]
  0x00000000029e6800 JavaThread "main" [_thread_blocked, id=21348, stack(0x0000000002760000,0x0000000002860000)]

Other Threads:
  0x0000000017367800 VMThread [stack: 0x0000000018400000,0x0000000018500000] [id=50400]
  0x00000000191e5000 WatcherThread [stack: 0x0000000019a00000,0x0000000019b00000] [id=52544]

VM state:not at safepoint (normal execution)

VM Mutex/Monitor currently owned by a thread: None

Heap:
 PSYoungGen      total 133632K, used 54410K [0x00000000d7500000, 0x00000000e2600000, 0x0000000100000000)
  eden space 119296K, 45% used [0x00000000d7500000,0x00000000daa22998,0x00000000de980000)
  from space 14336K, 0% used [0x00000000e1800000,0x00000000e1800000,0x00000000e2600000)
  to   space 10752K, 0% used [0x00000000de980000,0x00000000de980000,0x00000000df400000)
 ParOldGen       total 56320K, used 18542K [0x0000000085e00000, 0x0000000089500000, 0x00000000d7500000)
  object space 56320K, 32% used [0x0000000085e00000,0x000000008701ba40,0x0000000089500000)
 Metaspace       used 46852K, capacity 48176K, committed 48384K, reserved 1091584K
  class space    used 6500K, capacity 6810K, committed 6912K, reserved 1048576K

Card table byte_map: [0x0000000011ea0000,0x0000000012280000] byte_map_base: 0x0000000011a71000

Marking Bits: (ParMarkBitMap*) 0x0000000076e40860
 Begin Bits: [0x0000000012910000, 0x0000000014798000)
 End Bits:   [0x0000000014798000, 0x0000000016620000)

Polling page: 0x00000000008c0000

CodeCache: size=245760Kb used=9349Kb max_used=9349Kb free=236410Kb
 bounds [0x0000000002ae0000, 0x0000000003410000, 0x0000000011ae0000]
 total_blobs=3410 nmethods=2837 adapters=484
 compilation: enabled

Compilation events (10 events):
Event: 13.429 Thread 0x0000000018afe000 3217       3       oracle.jdbc.driver.DBConversion::CharBytesToString (205 bytes)
Event: 13.430 Thread 0x0000000018afe000 nmethod 3217 0x0000000003404d10 code [0x0000000003405020, 0x00000000034065f8]
Event: 13.430 Thread 0x0000000018afe000 3219  s    3       java.util.Properties::setProperty (7 bytes)
Event: 13.431 Thread 0x0000000018afe000 nmethod 3219 0x0000000003407310 code [0x0000000003407480, 0x00000000034077e8]
Event: 13.432 Thread 0x0000000018afe000 3220       3       oracle.sql.CharacterSet::convertJavaCharsToAL32UTF8Bytes (349 bytes)
Event: 13.433 Thread 0x0000000018afe000 nmethod 3220 0x00000000034078d0 code [0x0000000003407aa0, 0x0000000003408250]
Event: 13.433 Thread 0x0000000018afe000 3221       3       oracle.jdbc.driver.T4CMAREngineNIO::marshalUB1 (7 bytes)
Event: 13.433 Thread 0x0000000018afe000 nmethod 3221 0x0000000003408950 code [0x0000000003408ac0, 0x0000000003408cc8]
Event: 13.433 Thread 0x0000000018afe000 3222       3       oracle.jdbc.driver.T4CMAREngineNIO::marshalSB1 (43 bytes)
Event: 13.433 Thread 0x0000000018afe000 nmethod 3222 0x0000000003408d50 code [0x0000000003408ee0, 0x00000000034093c8]

GC Heap History (10 events):
Event: 5.772 GC heap before
{Heap before GC invocations=7 (full 1):
 PSYoungGen      total 68608K, used 25394K [0x00000000d7500000, 0x00000000e0500000, 0x0000000100000000)
  eden space 63488K, 39% used [0x00000000d7500000,0x00000000d8dcca70,0x00000000db300000)
  from space 5120K, 0% used [0x00000000db300000,0x00000000db300000,0x00000000db800000)
  to   space 10240K, 0% used [0x00000000dfb00000,0x00000000dfb00000,0x00000000e0500000)
 ParOldGen       total 56320K, used 5722K [0x0000000085e00000, 0x0000000089500000, 0x00000000d7500000)
  object space 56320K, 10% used [0x0000000085e00000,0x0000000086396ae0,0x0000000089500000)
 Metaspace       used 23985K, capacity 24466K, committed 24832K, reserved 1071104K
  class space    used 3398K, capacity 3513K, committed 3584K, reserved 1048576K
Event: 5.778 GC heap after
Heap after GC invocations=7 (full 1):
 PSYoungGen      total 103424K, used 3189K [0x00000000d7500000, 0x00000000dfe80000, 0x0000000100000000)
  eden space 99840K, 0% used [0x00000000d7500000,0x00000000d7500000,0x00000000dd680000)
  from space 3584K, 88% used [0x00000000dfb00000,0x00000000dfe1d5a0,0x00000000dfe80000)
  to   space 10752K, 0% used [0x00000000de980000,0x00000000de980000,0x00000000df400000)
 ParOldGen       total 56320K, used 5722K [0x0000000085e00000, 0x0000000089500000, 0x00000000d7500000)
  object space 56320K, 10% used [0x0000000085e00000,0x0000000086396ae0,0x0000000089500000)
 Metaspace       used 23985K, capacity 24466K, committed 24832K, reserved 1071104K
  class space    used 3398K, capacity 3513K, committed 3584K, reserved 1048576K
}
Event: 5.778 GC heap before
{Heap before GC invocations=8 (full 2):
 PSYoungGen      total 103424K, used 3189K [0x00000000d7500000, 0x00000000dfe80000, 0x0000000100000000)
  eden space 99840K, 0% used [0x00000000d7500000,0x00000000d7500000,0x00000000dd680000)
  from space 3584K, 88% used [0x00000000dfb00000,0x00000000dfe1d5a0,0x00000000dfe80000)
  to   space 10752K, 0% used [0x00000000de980000,0x00000000de980000,0x00000000df400000)
 ParOldGen       total 56320K, used 5722K [0x0000000085e00000, 0x0000000089500000, 0x00000000d7500000)
  object space 56320K, 10% used [0x0000000085e00000,0x0000000086396ae0,0x0000000089500000)
 Metaspace       used 23985K, capacity 24466K, committed 24832K, reserved 1071104K
  class space    used 3398K, capacity 3513K, committed 3584K, reserved 1048576K
Event: 5.881 GC heap after
Heap after GC invocations=8 (full 2):
 PSYoungGen      total 103424K, used 0K [0x00000000d7500000, 0x00000000dfe80000, 0x0000000100000000)
  eden space 99840K, 0% used [0x00000000d7500000,0x00000000d7500000,0x00000000dd680000)
  from space 3584K, 0% used [0x00000000dfb00000,0x00000000dfb00000,0x00000000dfe80000)
  to   space 10752K, 0% used [0x00000000de980000,0x00000000de980000,0x00000000df400000)
 ParOldGen       total 56320K, used 8306K [0x0000000085e00000, 0x0000000089500000, 0x00000000d7500000)
  object space 56320K, 14% used [0x0000000085e00000,0x000000008661cad0,0x0000000089500000)
 Metaspace       used 23985K, capacity 24466K, committed 24832K, reserved 1071104K
  class space    used 3398K, capacity 3513K, committed 3584K, reserved 1048576K
}
Event: 9.414 GC heap before
{Heap before GC invocations=9 (full 2):
 PSYoungGen      total 103424K, used 99840K [0x00000000d7500000, 0x00000000dfe80000, 0x0000000100000000)
  eden space 99840K, 100% used [0x00000000d7500000,0x00000000dd680000,0x00000000dd680000)
  from space 3584K, 0% used [0x00000000dfb00000,0x00000000dfb00000,0x00000000dfe80000)
  to   space 10752K, 0% used [0x00000000de980000,0x00000000de980000,0x00000000df400000)
 ParOldGen       total 56320K, used 8306K [0x0000000085e00000, 0x0000000089500000, 0x00000000d7500000)
  object space 56320K, 14% used [0x0000000085e00000,0x000000008661cad0,0x0000000089500000)
 Metaspace       used 34119K, capacity 35042K, committed 35200K, reserved 1079296K
  class space    used 4749K, capacity 4963K, committed 4992K, reserved 1048576K
Event: 9.434 GC heap after
Heap after GC invocations=9 (full 2):
 PSYoungGen      total 130048K, used 10745K [0x00000000d7500000, 0x00000000e2600000, 0x0000000100000000)
  eden space 119296K, 0% used [0x00000000d7500000,0x00000000d7500000,0x00000000de980000)
  from space 10752K, 99% used [0x00000000de980000,0x00000000df3fe4f8,0x00000000df400000)
  to   space 14336K, 0% used [0x00000000e1800000,0x00000000e1800000,0x00000000e2600000)
 ParOldGen       total 56320K, used 12662K [0x0000000085e00000, 0x0000000089500000, 0x00000000d7500000)
  object space 56320K, 22% used [0x0000000085e00000,0x0000000086a5d8d8,0x0000000089500000)
 Metaspace       used 34119K, capacity 35042K, committed 35200K, reserved 1079296K
  class space    used 4749K, capacity 4963K, committed 4992K, reserved 1048576K
}
Event: 11.615 GC heap before
{Heap before GC invocations=10 (full 2):
 PSYoungGen      total 130048K, used 76645K [0x00000000d7500000, 0x00000000e2600000, 0x0000000100000000)
  eden space 119296K, 55% used [0x00000000d7500000,0x00000000db55afe8,0x00000000de980000)
  from space 10752K, 99% used [0x00000000de980000,0x00000000df3fe4f8,0x00000000df400000)
  to   space 14336K, 0% used [0x00000000e1800000,0x00000000e1800000,0x00000000e2600000)
 ParOldGen       total 56320K, used 12662K [0x0000000085e00000, 0x0000000089500000, 0x00000000d7500000)
  object space 56320K, 22% used [0x0000000085e00000,0x0000000086a5d8d8,0x0000000089500000)
 Metaspace       used 40129K, capacity 41276K, committed 41388K, reserved 1085440K
  class space    used 5598K, capacity 5838K, committed 5888K, reserved 1048576K
Event: 11.634 GC heap after
Heap after GC invocations=10 (full 2):
 PSYoungGen      total 133632K, used 12894K [0x00000000d7500000, 0x00000000e2600000, 0x0000000100000000)
  eden space 119296K, 0% used [0x00000000d7500000,0x00000000d7500000,0x00000000de980000)
  from space 14336K, 89% used [0x00000000e1800000,0x00000000e2497ba0,0x00000000e2600000)
  to   space 10752K, 0% used [0x00000000de980000,0x00000000de980000,0x00000000df400000)
 ParOldGen       total 56320K, used 12734K [0x0000000085e00000, 0x0000000089500000, 0x00000000d7500000)
  object space 56320K, 22% used [0x0000000085e00000,0x0000000086a6f8e8,0x0000000089500000)
 Metaspace       used 40129K, capacity 41276K, committed 41388K, reserved 1085440K
  class space    used 5598K, capacity 5838K, committed 5888K, reserved 1048576K
}
Event: 11.634 GC heap before
{Heap before GC invocations=11 (full 3):
 PSYoungGen      total 133632K, used 12894K [0x00000000d7500000, 0x00000000e2600000, 0x0000000100000000)
  eden space 119296K, 0% used [0x00000000d7500000,0x00000000d7500000,0x00000000de980000)
  from space 14336K, 89% used [0x00000000e1800000,0x00000000e2497ba0,0x00000000e2600000)
  to   space 10752K, 0% used [0x00000000de980000,0x00000000de980000,0x00000000df400000)
 ParOldGen       total 56320K, used 12734K [0x0000000085e00000, 0x0000000089500000, 0x00000000d7500000)
  object space 56320K, 22% used [0x0000000085e00000,0x0000000086a6f8e8,0x0000000089500000)
 Metaspace       used 40129K, capacity 41276K, committed 41388K, reserved 1085440K
  class space    used 5598K, capacity 5838K, committed 5888K, reserved 1048576K
Event: 11.741 GC heap after
Heap after GC invocations=11 (full 3):
 PSYoungGen      total 133632K, used 0K [0x00000000d7500000, 0x00000000e2600000, 0x0000000100000000)
  eden space 119296K, 0% used [0x00000000d7500000,0x00000000d7500000,0x00000000de980000)
  from space 14336K, 0% used [0x00000000e1800000,0x00000000e1800000,0x00000000e2600000)
  to   space 10752K, 0% used [0x00000000de980000,0x00000000de980000,0x00000000df400000)
 ParOldGen       total 56320K, used 18542K [0x0000000085e00000, 0x0000000089500000, 0x00000000d7500000)
  object space 56320K, 32% used [0x0000000085e00000,0x000000008701ba40,0x0000000089500000)
 Metaspace       used 40106K, capacity 41212K, committed 41388K, reserved 1085440K
  class space    used 5590K, capacity 5824K, committed 5888K, reserved 1048576K
}

Deoptimization events (10 events):
Event: 12.926 Thread 0x000000002ab7b800 Uncommon trap: reason=class_check action=maybe_recompile pc=0x0000000002d38ff8 method=java.io.ObjectInputStream$PeekInputStream.read([BII)I @ 20
Event: 12.926 Thread 0x000000002ab7b800 Uncommon trap: reason=class_check action=maybe_recompile pc=0x00000000030ab128 method=java.io.ObjectInputStream$PeekInputStream.read()I @ 23
Event: 12.926 Thread 0x000000002ab7b800 Uncommon trap: reason=class_check action=maybe_recompile pc=0x00000000030ab128 method=java.io.ObjectInputStream$PeekInputStream.read()I @ 23
Event: 12.926 Thread 0x000000002ab7b800 Uncommon trap: reason=class_check action=maybe_recompile pc=0x00000000030ab128 method=java.io.ObjectInputStream$PeekInputStream.read()I @ 23
Event: 12.926 Thread 0x000000002ab7b800 Uncommon trap: reason=class_check action=maybe_recompile pc=0x00000000030ab128 method=java.io.ObjectInputStream$PeekInputStream.read()I @ 23
Event: 12.926 Thread 0x000000002ab7b800 Uncommon trap: reason=class_check action=maybe_recompile pc=0x0000000002de5df4 method=java.io.ObjectInputStream$PeekInputStream.peek()I @ 17
Event: 12.927 Thread 0x000000002ab7b800 Uncommon trap: reason=class_check action=maybe_recompile pc=0x0000000002de5df4 method=java.io.ObjectInputStream$PeekInputStream.peek()I @ 17
Event: 12.927 Thread 0x000000002ab7b800 Uncommon trap: reason=class_check action=maybe_recompile pc=0x00000000030415bc method=java.io.ObjectInputStream$PeekInputStream.peek()I @ 17
Event: 12.928 Thread 0x000000002ab7b800 Uncommon trap: reason=class_check action=maybe_recompile pc=0x0000000002cbf0f4 method=java.io.ObjectInputStream$PeekInputStream.peek()I @ 17
Event: 12.934 Thread 0x000000002ab7b800 Uncommon trap: reason=class_check action=maybe_recompile pc=0x0000000003296e74 method=java.io.ObjectInputStream$PeekInputStream.read([BII)I @ 20

Classes redefined (0 events):
No events

Internal exceptions (10 events):
Event: 8.976 Thread 0x0000000019ed1000 Exception <a 'java/lang/NoSuchMethodError': java.lang.Object.lambda$unchecked$0(Lorg/apache/flink/util/function/BiConsumerWithException;Ljava/lang/Object;Ljava/lang/Object;)V> (0x00000000dbb6cb70) thrown at [C:\re\workspace\8-2-build-windows-amd64-cygwin\
Event: 9.170 Thread 0x000000001b170000 Exception <a 'java/lang/IncompatibleClassChangeError': Found class java.lang.Object, but interface was expected> (0x00000000dc50c5b8) thrown at [C:\re\workspace\8-2-build-windows-amd64-cygwin\jdk8u162\10278\hotspot\src\share\vm\interpreter\linkResolver.cp
Event: 9.184 Thread 0x000000001b170000 Exception <a 'java/lang/NoSuchMethodError': java.lang.Object.lambda$identity$2(Ljava/lang/Object;)Ljava/lang/Object;> (0x00000000dc6f9790) thrown at [C:\re\workspace\8-2-build-windows-amd64-cygwin\jdk8u162\10278\hotspot\src\share\vm\interpreter\linkResolv
Event: 9.208 Thread 0x000000001b170000 Exception <a 'java/lang/NoSuchMethodError': java.lang.Object.of(Ljava/lang/Object;)Ljava/util/stream/Stream;> (0x00000000dc7a84b0) thrown at [C:\re\workspace\8-2-build-windows-amd64-cygwin\jdk8u162\10278\hotspot\src\share\vm\interpreter\linkResolver.cpp, 
Event: 9.210 Thread 0x000000001b170000 Exception <a 'java/lang/NoSuchMethodError': java.lang.Object.empty()Ljava/util/stream/Stream;> (0x00000000dc7ace90) thrown at [C:\re\workspace\8-2-build-windows-amd64-cygwin\jdk8u162\10278\hotspot\src\share\vm\interpreter\linkResolver.cpp, line 620]
Event: 10.635 Thread 0x0000000019ed8800 Exception <a 'java/lang/InterruptedException': sleep interrupted> (0x00000000d9120020) thrown at [C:\re\workspace\8-2-build-windows-amd64-cygwin\jdk8u162\10278\hotspot\src\share\vm\prims\jvm.cpp, line 3228]
Event: 10.641 Thread 0x000000001b170000 Implicit null exception at 0x00000000030bd7a1 to 0x00000000030bd91d
Event: 10.645 Thread 0x000000001b170000 Exception <a 'java/lang/NoSuchMethodError': <clinit>> (0x00000000d9190268) thrown at [C:\re\workspace\8-2-build-windows-amd64-cygwin\jdk8u162\10278\hotspot\src\share\vm\prims\jni.cpp, line 1613]
Event: 10.647 Thread 0x0000000019ed7000 Exception <a 'java/lang/NoClassDefFoundError': org/apache/log4j/Priority> (0x00000000d92098a8) thrown at [C:\re\workspace\8-2-build-windows-amd64-cygwin\jdk8u162\10278\hotspot\src\share\vm\classfile\systemDictionary.cpp, line 199]
Event: 11.910 Thread 0x000000002ab7b800 Implicit null exception at 0x0000000003136d15 to 0x0000000003136eed

Events (10 events):
Event: 13.359 loading class org/apache/flink/streaming/api/functions/async/ResultFuture
Event: 13.359 loading class org/apache/flink/streaming/api/functions/async/ResultFuture done
Event: 13.361 Thread 0x000000002ab78800 Thread exited: 0x000000002ab78800
Event: 13.362 Executing VM operation: RevokeBias
Event: 13.363 Executing VM operation: RevokeBias done
Event: 13.363 Thread 0x000000002ab76000 Thread exited: 0x000000002ab76000
Event: 13.400 Executing VM operation: RevokeBias
Event: 13.400 Executing VM operation: RevokeBias done
Event: 13.431 loading class oracle/simplefan/FanManager
Event: 13.431 loading class oracle/simplefan/FanManager done


Dynamic libraries:
0x00007ff6a0120000 - 0x00007ff6a0157000 	C:\Program Files\Java\jdk1.8.0_162\bin\java.exe
0x00007ffde0a70000 - 0x00007ffde0c51000 	C:\WINDOWS\SYSTEM32\ntdll.dll
0x00007ffdde410000 - 0x00007ffdde4c1000 	C:\WINDOWS\System32\KERNEL32.DLL
0x00007ffddd9e0000 - 0x00007ffdddc53000 	C:\WINDOWS\System32\KERNELBASE.dll
0x00007ffddf150000 - 0x00007ffddf1f1000 	C:\WINDOWS\System32\ADVAPI32.dll
0x00007ffddeda0000 - 0x00007ffddee3e000 	C:\WINDOWS\System32\msvcrt.dll
0x00007ffddf0f0000 - 0x00007ffddf14b000 	C:\WINDOWS\System32\sechost.dll
0x00007ffdde9f0000 - 0x00007ffddeb14000 	C:\WINDOWS\System32\RPCRT4.dll
0x00007ffdde280000 - 0x00007ffdde410000 	C:\WINDOWS\System32\USER32.dll
0x00007ffddd9c0000 - 0x00007ffddd9e0000 	C:\WINDOWS\System32\win32u.dll
0x00007ffddec80000 - 0x00007ffddeca8000 	C:\WINDOWS\System32\GDI32.dll
0x00007ffddd020000 - 0x00007ffddd1b2000 	C:\WINDOWS\System32\gdi32full.dll
0x00007ffddd920000 - 0x00007ffddd9bf000 	C:\WINDOWS\System32\msvcp_win.dll
0x00007ffddcec0000 - 0x00007ffddcfb8000 	C:\WINDOWS\System32\ucrtbase.dll
0x00007ffdc6a50000 - 0x00007ffdc6cb9000 	C:\WINDOWS\WinSxS\amd64_microsoft.windows.common-controls_6595b64144ccf1df_6.0.17134.706_none_fb43a2cb30647007\COMCTL32.dll
0x00007ffde0710000 - 0x00007ffde0a32000 	C:\WINDOWS\System32\combase.dll
0x00007ffddce40000 - 0x00007ffddceba000 	C:\WINDOWS\System32\bcryptPrimitives.dll
0x00007ffdde4d0000 - 0x00007ffdde4fd000 	C:\WINDOWS\System32\IMM32.DLL
0x0000000077f20000 - 0x0000000077ff1000 	C:\Program Files\Java\jdk1.8.0_162\jre\bin\msvcr100.dll
0x0000000076620000 - 0x0000000076ec0000 	C:\Program Files\Java\jdk1.8.0_162\jre\bin\server\jvm.dll
0x00007ffdde200000 - 0x00007ffdde208000 	C:\WINDOWS\System32\PSAPI.DLL
0x00007ffdc9120000 - 0x00007ffdc9129000 	C:\WINDOWS\SYSTEM32\WSOCK32.dll
0x00007ffde06a0000 - 0x00007ffde070c000 	C:\WINDOWS\System32\WS2_32.dll
0x00007ffdd7b50000 - 0x00007ffdd7b73000 	C:\WINDOWS\SYSTEM32\WINMM.dll
0x00007ffdd0cc0000 - 0x00007ffdd0cca000 	C:\WINDOWS\SYSTEM32\VERSION.dll
0x00007ffdd7b20000 - 0x00007ffdd7b4a000 	C:\WINDOWS\SYSTEM32\WINMMBASE.dll
0x00007ffddd8d0000 - 0x00007ffddd919000 	C:\WINDOWS\System32\cfgmgr32.dll
0x0000000077f10000 - 0x0000000077f1f000 	C:\Program Files\Java\jdk1.8.0_162\jre\bin\verify.dll
0x0000000077ee0000 - 0x0000000077f09000 	C:\Program Files\Java\jdk1.8.0_162\jre\bin\java.dll
0x0000000076510000 - 0x0000000076533000 	C:\Program Files\Java\jdk1.8.0_162\jre\bin\instrument.dll
0x0000000077ec0000 - 0x0000000077ed6000 	C:\Program Files\Java\jdk1.8.0_162\jre\bin\zip.dll
0x00007ffddf260000 - 0x00007ffde06a0000 	C:\WINDOWS\System32\SHELL32.dll
0x00007ffdddfd0000 - 0x00007ffdde079000 	C:\WINDOWS\System32\shcore.dll
0x00007ffddd1c0000 - 0x00007ffddd8cd000 	C:\WINDOWS\System32\windows.storage.dll
0x00007ffdde210000 - 0x00007ffdde261000 	C:\WINDOWS\System32\shlwapi.dll
0x00007ffddcdd0000 - 0x00007ffddcde1000 	C:\WINDOWS\System32\kernel.appcore.dll
0x00007ffddcd90000 - 0x00007ffddcdaf000 	C:\WINDOWS\System32\profapi.dll
0x00007ffddcdf0000 - 0x00007ffddce3c000 	C:\WINDOWS\System32\powrprof.dll
0x00007ffddcd80000 - 0x00007ffddcd8a000 	C:\WINDOWS\System32\FLTLIB.DLL
0x00007ffdcd180000 - 0x00007ffdcd19a000 	C:\Program Files\JetBrains\IntelliJ IDEA 2018.2.2\bin\breakgen64.dll
0x0000000077ea0000 - 0x0000000077eba000 	C:\Program Files\Java\jdk1.8.0_162\jre\bin\net.dll
0x00007ffddc600000 - 0x00007ffddc666000 	C:\WINDOWS\system32\mswsock.dll
0x0000000077e70000 - 0x0000000077e7d000 	C:\Program Files\Java\jdk1.8.0_162\jre\bin\management.dll
0x0000000077e80000 - 0x0000000077e91000 	C:\Program Files\Java\jdk1.8.0_162\jre\bin\nio.dll
0x00007ffdc6f70000 - 0x00007ffdc6f86000 	C:\WINDOWS\system32\napinsp.dll
0x00007ffdc6f30000 - 0x00007ffdc6f4a000 	C:\WINDOWS\system32\pnrpnsp.dll
0x00007ffdda910000 - 0x00007ffdda929000 	C:\WINDOWS\system32\NLAapi.dll
0x00007ffddc3c0000 - 0x00007ffddc47e000 	C:\WINDOWS\SYSTEM32\DNSAPI.dll
0x00007ffdde270000 - 0x00007ffdde278000 	C:\WINDOWS\System32\NSI.dll
0x00007ffddc380000 - 0x00007ffddc3b8000 	C:\WINDOWS\SYSTEM32\IPHLPAPI.DLL
0x00007ffdcd470000 - 0x00007ffdcd47e000 	C:\WINDOWS\System32\winrnr.dll
0x00007ffdc6f10000 - 0x00007ffdc6f25000 	C:\WINDOWS\System32\wshbth.dll
0x00007ffdd2940000 - 0x00007ffdd294a000 	C:\Windows\System32\rasadhlp.dll
0x00007ffdd90d0000 - 0x00007ffdd9142000 	C:\WINDOWS\System32\fwpuclnt.dll
0x00007ffddc8e0000 - 0x00007ffddc905000 	C:\WINDOWS\SYSTEM32\bcrypt.dll
0x00007ffddc7b0000 - 0x00007ffddc7c7000 	C:\WINDOWS\SYSTEM32\CRYPTSP.dll
0x00007ffddc1e0000 - 0x00007ffddc213000 	C:\WINDOWS\system32\rsaenh.dll
0x00007ffddcc80000 - 0x00007ffddcca8000 	C:\WINDOWS\SYSTEM32\USERENV.dll
0x00007ffddc7d0000 - 0x00007ffddc7db000 	C:\WINDOWS\SYSTEM32\CRYPTBASE.dll
0x00007ffdd8d20000 - 0x00007ffdd8d36000 	C:\WINDOWS\SYSTEM32\dhcpcsvc6.DLL
0x00007ffdd8cb0000 - 0x00007ffdd8cca000 	C:\WINDOWS\SYSTEM32\dhcpcsvc.DLL
0x0000000077e40000 - 0x0000000077e64000 	C:\Program Files\Java\jdk1.8.0_162\jre\bin\sunec.dll

VM Arguments:
jvm_args: -javaagent:C:\Program Files\JetBrains\IntelliJ IDEA 2018.2.2\lib\idea_rt.jar=65355:C:\Program Files\JetBrains\IntelliJ IDEA 2018.2.2\bin -Dfile.encoding=UTF-8 
java_command: com.zc.streaming.FlihgtOprCrew
java_class_path (initial): C:\Program Files\Java\jdk1.8.0_162\jre\lib\charsets.jar;C:\Program Files\Java\jdk1.8.0_162\jre\lib\deploy.jar;C:\Program Files\Java\jdk1.8.0_162\jre\lib\ext\access-bridge-64.jar;C:\Program Files\Java\jdk1.8.0_162\jre\lib\ext\cldrdata.jar;C:\Program Files\Java\jdk1.8.0_162\jre\lib\ext\dnsns.jar;C:\Program Files\Java\jdk1.8.0_162\jre\lib\ext\jaccess.jar;C:\Program Files\Java\jdk1.8.0_162\jre\lib\ext\jfxrt.jar;C:\Program Files\Java\jdk1.8.0_162\jre\lib\ext\localedata.jar;C:\Program Files\Java\jdk1.8.0_162\jre\lib\ext\nashorn.jar;C:\Program Files\Java\jdk1.8.0_162\jre\lib\ext\sunec.jar;C:\Program Files\Java\jdk1.8.0_162\jre\lib\ext\sunjce_provider.jar;C:\Program Files\Java\jdk1.8.0_162\jre\lib\ext\sunmscapi.jar;C:\Program Files\Java\jdk1.8.0_162\jre\lib\ext\sunpkcs11.jar;C:\Program Files\Java\jdk1.8.0_162\jre\lib\ext\zipfs.jar;C:\Program Files\Java\jdk1.8.0_162\jre\lib\javaws.jar;C:\Program Files\Java\jdk1.8.0_162\jre\lib\jce.jar;C:\Program Files\Java\jdk1.8.0_162\jre\lib\jfr.jar;C:\Program Files\Java\jdk1.8.0_162\jre\lib\jfxswt.jar;C:\Program Files\Java\jdk1.8.0_162\jre\lib\jsse.jar;C:\Program Files\Java\jdk1.8.0_162\jre\lib\management-agent.jar;C:\Program Files\Java\jdk1.8.0_162\jre\lib\plugin.jar;C:\Program Files\Java\jdk1.8.0_162\jre\lib\resources.jar;C:\Program Files\Java\jdk1.8.0_162\jre\lib\rt.jar;C:\Users\lenovo1\IdeaProjects\untitled\flink\target\classes;D:\Efils\maven\repository-camel\org\apache\flink\flink-java\1.7.2\flink-java-1.7.2.jar;D:\Efils\maven\repository-camel\org\apache\flink\flink-core\1.7.2\flink-core-1.7.2.jar;D:\Efils\maven\repository-camel\org\apache\flink\flink-annotations\1.7.2\flink-annotations-1.7.2.jar;D:\Efils\maven\repository-camel\org\apache\flink\flink-metrics-core\1.7.2\flink-metrics-core-1.7.2.jar;D:\Efils\maven\repository-camel\com\esotericsoftware\kryo\kryo\2.24.0\kryo-2.24.0.jar;D:\Efils\maven\repository-camel\com\esotericsoftware\minlog\minlog\1.2\minlog-1.2.jar;D:\Efils\maven\repository-camel\org\obj
Launcher Type: SUN_STANDARD

Environment Variables:
JAVA_HOME=C:\Program Files\Java\jdk1.8.0_162
CLASSPATH=.;C:\Program Files\Java\jdk1.8.0_162\lib;C:\Program Files\Java\jdk1.8.0_162\lib\tools.jar;C:\Program Files\IBM\WebSphere MQ\java\lib\com.ibm.mqjms.jar;C:\Program Files\IBM\WebSphere MQ\java\lib\com.ibm.mq.jar
PATH=C:\Program Files\IBM\WebSphere MQ\java\lib;C:\Program Files\IBM\WebSphere MQ\java\lib64;C:\Informatica\10.2.0\clients\tools\datadirect;C:\Informatica\10.2.0\clients\tools\odbcdrv;C:\Informatica\10.2.0\clients\tools\jdbcdrv;C:\Informatica\10.2.0\clients\tools\sharedlibs;D:\app\lenovo1\product\12.1.0\client_1;C:\ProgramData\Oracle\Java\javapath;C:\WINDOWS\system32;C:\WINDOWS;C:\WINDOWS\System32\Wbem;C:\WINDOWS\System32\WindowsPowerShell\v1.0\;C:\Program Files\Java\jdk1.8.0_162\bin;C:\Program Files\Java\jdk1.8.0_162\jre\bin;D:\software\apache-maven-3.5.0\bin;C:\WINDOWS\System32\OpenSSH\;C:\Program Files\Intel\WiFi\bin\;C:\Program Files\Common Files\Intel\WirelessCommon\;D:\software\apache-maven-3.5.0\bin;C:\Program Files\IBM\WebSphere MQ\bin64;C:\Program Files\IBM\WebSphere MQ\bin;C:\Program Files\IBM\WebSphere MQ\tools\c\samples\bin;C:\Program Files\TortoiseSVN\bin;C:\software\Apache-Subversion-1.10.3\bin;C:\Users\lenovo1\AppData\Local\Programs\Python\Python37\Scripts\;C:\Users\lenovo1\AppData\Local\Programs\Python\Python37\;C:\Program Files\Intel\WiFi\bin\;C:\Program Files\Common Files\Intel\WirelessCommon\;C:\Users\lenovo1\AppData\Local\Microsoft\WindowsApps;
USERNAME=zc
OS=Windows_NT
PROCESSOR_IDENTIFIER=Intel64 Family 6 Model 142 Stepping 9, GenuineIntel



---------------  S Y S T E M  ---------------

OS: Windows 10.0 , 64 bit Build 17134 (10.0.17134.706)

CPU:total 4 (initial active 4) (2 cores per cpu, 2 threads per core) family 6 model 142 stepping 9, cmov, cx8, fxsr, mmx, sse, sse2, sse3, ssse3, sse4.1, sse4.2, popcnt, avx, avx2, aes, clmul, erms, 3dnowpref, lzcnt, ht, tsc, tscinvbit, bmi1, bmi2, adx

Memory: 4k page, physical 8002496k(597720k free), swap 25456304k(5236k free)

vm_info: Java HotSpot(TM) 64-Bit Server VM (25.162-b12) for windows-amd64 JRE (1.8.0_162-b12), built on Dec 19 2017 20:00:03 by "java_re" with MS VC++ 10.0 (VS2010)

time: Thu Jun 13 14:36:36 2019
elapsed time: 13 seconds (0d 0h 0m 13s)

